<?xml version="1.0" encoding="UTF-8"?>
<!-- Generated by org.testng.reporters.JUnitReportReporter -->
<testsuite hostname="EPINPUNW00CA" failures="0" tests="1" name="Dummy2.UdemyTesting.LoginTest" time="0.664" errors="0" timestamp="2022-06-30T16:12:19 IST" skipped="0">
  <testcase classname="Dummy2.UdemyTesting.LoginTest" name="login" time="0.664"/>
  <system-out/>
</testsuite> <!-- Dummy2.UdemyTesting.LoginTest -->
