<?xml version="1.0" encoding="UTF-8"?>
<!-- Generated by org.testng.reporters.JUnitReportReporter -->
<testsuite hostname="EPINPUNW00CA" failures="0" tests="2" name="objectRepository.LoginModel" time="1.118" errors="0" timestamp="2022-06-28T12:26:40 IST" skipped="0">
  <testcase classname="objectRepository.LoginModel" name="openMainPage" time="0.533"/>
  <system-out/>
  <testcase classname="objectRepository.LoginModel" name="clickToLogIn" time="0.585"/>
  <system-out/>
</testsuite> <!-- objectRepository.LoginModel -->
