<?xml version="1.0" encoding="UTF-8"?>
<!-- Generated by org.testng.reporters.JUnitReportReporter -->
<testsuite hostname="EPINPUNW00CA" failures="0" tests="4" name="Dummy2.UdemyTesting.MainpageTest" time="1.056" errors="0" timestamp="2022-06-30T16:12:33 IST" skipped="0">
  <testcase classname="Dummy2.UdemyTesting.MainpageTest" name="clickintoCart" time="0.367"/>
  <system-out/>
  <testcase classname="Dummy2.UdemyTesting.MainpageTest" name="checkStatusOfCart" time="0.021"/>
  <system-out/>
  <testcase classname="Dummy2.UdemyTesting.MainpageTest" name="login" time="0.592"/>
  <system-out/>
  <testcase classname="Dummy2.UdemyTesting.MainpageTest" name="clickcartBtn" time="0.076"/>
  <system-out/>
</testsuite> <!-- Dummy2.UdemyTesting.MainpageTest -->
